<?xml version="1.0" encoding="UTF-8"?>
<!-- Generated by org.testng.reporters.JUnitXMLReporter -->
<testsuite ignored="4" hostname="DESKTOP-7HPDDDR" failures="0" tests="0" time="1.113" errors="0" timestamp="2022-12-06T14:20:01 IST">
  <testcase classname="test.TestRegistrationPage" name="registerNewMaleUser" time="0.0">
    <ignored/>
  </testcase> <!-- registerNewMaleUser -->
  <testcase classname="test.TestRegistrationPage" name="registerNewFemaleUser" time="0.0">
    <ignored/>
  </testcase> <!-- registerNewFemaleUser -->
  <testcase classname="test.TestRegistrationPage" name="verifyRegestrTab" time="0.0">
    <ignored/>
  </testcase> <!-- verifyRegestrTab -->
  <testcase classname="test.TestRegistrationPage" name="VerifyRegURL" time="0.0">
    <ignored/>
  </testcase> <!-- VerifyRegURL -->
</testsuite>
