<?xml version="1.0" encoding="UTF-8"?>
<!-- Generated by org.testng.reporters.JUnitXMLReporter -->
<testsuite ignored="0" hostname="DESKTOP-7HPDDDR" failures="0" tests="3" name="Default test" time="170.434" errors="0" timestamp="2022-12-10T15:52:55 IST">
  <testcase classname="test.TestLogInRegisteredUser" name="logInWithRegCredGaurav" time="26.688"/>
  <testcase classname="test.TestLogInRegisteredUser" name="logInWithRegDeepak" time="8.647"/>
  <testcase classname="test.TestLogInRegisteredUser" name="logInWithRegMadhu" time="6.562"/>
</testsuite> <!-- Default test -->
