<?xml version="1.0" encoding="UTF-8"?>
<!-- Generated by org.testng.reporters.JUnitXMLReporter -->
<testsuite ignored="2" hostname="DESKTOP-PJ5SC7P" failures="2" tests="6" name="Test" time="495.012" errors="0" timestamp="2022-12-14T15:10:19 IST">
  <testcase classname="test.TestRegistrationPage" name="registerNewFemaleUser" time="11.284"/>
  <testcase classname="test.TestRegistrationPage" name="registerNewMaleUser" time="14.079"/>
  <testcase classname="test.TestRegistrationPage" name="registerNewUser" time="15.488"/>
  <testcase classname="test.TestLogInRegisteredUser" name="logInWithRegCredGaurav" time="15.069"/>
  <testcase classname="test.TestLogInRegisteredUser" name="logInWithRegDeepak" time="30.607">
    <failure type="java.lang.AssertionError" message="expected [https://demo.nopcommerce.com/] but found [https://demo.nopcommerce.com/login?returnurl=%2F]">
      <![CDATA[java.lang.AssertionError: expected [https://demo.nopcommerce.com/] but found [https://demo.nopcommerce.com/login?returnurl=%2F]
at test.TestLogInRegisteredUser.logInWithRegDeepak(TestLogInRegisteredUser.java:81)
at java.base/java.util.ArrayList.forEach(ArrayList.java:1511)
... Removed 33 stack frames]]>
    </failure>
  </testcase> <!-- logInWithRegDeepak -->
  <testcase classname="test.TestLogInRegisteredUser" name="logInWithRegMadhu" time="25.47">
    <failure type="java.lang.AssertionError" message="expected [https://demo.nopcommerce.com/] but found [https://demo.nopcommerce.com/login?returnurl=%2F]">
      <![CDATA[java.lang.AssertionError: expected [https://demo.nopcommerce.com/] but found [https://demo.nopcommerce.com/login?returnurl=%2F]
at test.TestLogInRegisteredUser.logInWithRegMadhu(TestLogInRegisteredUser.java:55)
at java.base/java.util.ArrayList.forEach(ArrayList.java:1511)
... Removed 33 stack frames]]>
    </failure>
  </testcase> <!-- logInWithRegMadhu -->
  <testcase classname="test.TestRegistrationPage" name="verifyRegestrTab" time="0.0">
    <ignored/>
  </testcase> <!-- verifyRegestrTab -->
  <testcase classname="test.TestRegistrationPage" name="VerifyRegURL" time="0.0">
    <ignored/>
  </testcase> <!-- VerifyRegURL -->
</testsuite> <!-- Test -->
