<?xml version="1.0" encoding="UTF-8"?>
<testng-results ignored="0" total="3" passed="3" failed="0" skipped="0">
  <reporter-output>
  </reporter-output>
  <suite started-at="2022-12-10T15:50:04 IST" name="Default suite" finished-at="2022-12-10T15:52:54 IST" duration-ms="170434">
    <groups>
    </groups>
    <test started-at="2022-12-10T15:50:04 IST" name="Default test" finished-at="2022-12-10T15:52:54 IST" duration-ms="170434">
      <class name="test.TestLogInRegisteredUser">
        <test-method is-config="true" signature="testConfiguration()[pri:0, instance:test.TestLogInRegisteredUser@5876a9af]" started-at="2022-12-10T15:50:04 IST" name="testConfiguration" finished-at="2022-12-10T15:50:04 IST" duration-ms="550" status="PASS">
          <reporter-output>
          </reporter-output>
        </test-method> <!-- testConfiguration -->
        <test-method is-config="true" signature="openBrowser()[pri:0, instance:test.TestLogInRegisteredUser@5876a9af]" started-at="2022-12-10T15:50:04 IST" name="openBrowser" finished-at="2022-12-10T15:50:41 IST" duration-ms="36924" status="PASS">
          <reporter-output>
          </reporter-output>
        </test-method> <!-- openBrowser -->
        <test-method signature="logInWithRegCredGaurav()[pri:0, instance:test.TestLogInRegisteredUser@5876a9af]" started-at="2022-12-10T15:50:41 IST" name="logInWithRegCredGaurav" finished-at="2022-12-10T15:51:08 IST" duration-ms="26688" status="PASS">
          <reporter-output>
          </reporter-output>
        </test-method> <!-- logInWithRegCredGaurav -->
        <test-method is-config="true" signature="listenersClass(org.testng.ITestResult)[pri:0, instance:test.TestLogInRegisteredUser@5876a9af]" started-at="2022-12-10T15:51:08 IST" name="listenersClass" finished-at="2022-12-10T15:51:08 IST" duration-ms="13" status="PASS">
          <params>
            <param index="0">
              <value>
                <![CDATA[[TestResult name=logInWithRegCredGaurav status=SUCCESS method=TestLogInRegisteredUser.logInWithRegCredGaurav()[pri:0, instance:test.TestLogInRegisteredUser@5876a9af] output={null}]]]>
              </value>
            </param>
          </params>
          <reporter-output>
          </reporter-output>
        </test-method> <!-- listenersClass -->
        <test-method is-config="true" signature="openBrowser()[pri:0, instance:test.TestLogInRegisteredUser@5876a9af]" started-at="2022-12-10T15:51:08 IST" name="openBrowser" finished-at="2022-12-10T15:51:41 IST" duration-ms="32722" status="PASS">
          <reporter-output>
          </reporter-output>
        </test-method> <!-- openBrowser -->
        <test-method signature="logInWithRegDeepak()[pri:0, instance:test.TestLogInRegisteredUser@5876a9af]" started-at="2022-12-10T15:51:41 IST" name="logInWithRegDeepak" finished-at="2022-12-10T15:51:49 IST" duration-ms="8647" status="PASS">
          <reporter-output>
          </reporter-output>
        </test-method> <!-- logInWithRegDeepak -->
        <test-method is-config="true" signature="listenersClass(org.testng.ITestResult)[pri:0, instance:test.TestLogInRegisteredUser@5876a9af]" started-at="2022-12-10T15:51:49 IST" name="listenersClass" finished-at="2022-12-10T15:51:49 IST" duration-ms="1" status="PASS">
          <params>
            <param index="0">
              <value>
                <![CDATA[[TestResult name=logInWithRegDeepak status=SUCCESS method=TestLogInRegisteredUser.logInWithRegDeepak()[pri:0, instance:test.TestLogInRegisteredUser@5876a9af] output={null}]]]>
              </value>
            </param>
          </params>
          <reporter-output>
          </reporter-output>
        </test-method> <!-- listenersClass -->
        <test-method is-config="true" signature="openBrowser()[pri:0, instance:test.TestLogInRegisteredUser@5876a9af]" started-at="2022-12-10T15:51:49 IST" name="openBrowser" finished-at="2022-12-10T15:52:44 IST" duration-ms="55207" status="PASS">
          <reporter-output>
          </reporter-output>
        </test-method> <!-- openBrowser -->
        <test-method signature="logInWithRegMadhu()[pri:0, instance:test.TestLogInRegisteredUser@5876a9af]" started-at="2022-12-10T15:52:44 IST" name="logInWithRegMadhu" finished-at="2022-12-10T15:52:51 IST" duration-ms="6562" status="PASS">
          <reporter-output>
          </reporter-output>
        </test-method> <!-- logInWithRegMadhu -->
        <test-method is-config="true" signature="listenersClass(org.testng.ITestResult)[pri:0, instance:test.TestLogInRegisteredUser@5876a9af]" started-at="2022-12-10T15:52:51 IST" name="listenersClass" finished-at="2022-12-10T15:52:51 IST" duration-ms="0" status="PASS">
          <params>
            <param index="0">
              <value>
                <![CDATA[[TestResult name=logInWithRegMadhu status=SUCCESS method=TestLogInRegisteredUser.logInWithRegMadhu()[pri:0, instance:test.TestLogInRegisteredUser@5876a9af] output={null}]]]>
              </value>
            </param>
          </params>
          <reporter-output>
          </reporter-output>
        </test-method> <!-- listenersClass -->
        <test-method is-config="true" signature="clearData()[pri:0, instance:test.TestLogInRegisteredUser@5876a9af]" started-at="2022-12-10T15:52:51 IST" name="clearData" finished-at="2022-12-10T15:52:54 IST" duration-ms="3004" status="PASS">
          <reporter-output>
          </reporter-output>
        </test-method> <!-- clearData -->
      </class> <!-- test.TestLogInRegisteredUser -->
    </test> <!-- Default test -->
  </suite> <!-- Default suite -->
</testng-results>
