<?xml version="1.0" encoding="UTF-8"?>
<testng-results ignored="2" total="5" passed="3" failed="0" skipped="0">
  <reporter-output>
  </reporter-output>
  <suite started-at="2022-12-10T16:44:06 IST" name="Default suite" finished-at="2022-12-10T16:44:54 IST" duration-ms="47500">
    <groups>
    </groups>
    <test started-at="2022-12-10T16:44:06 IST" name="Default test" finished-at="2022-12-10T16:44:54 IST" duration-ms="47500">
      <class name="test.TestRegistrationPage">
        <test-method is-config="true" signature="testConfiguration()[pri:0, instance:test.TestRegistrationPage@4659191b]" started-at="2022-12-10T16:44:06 IST" name="testConfiguration" finished-at="2022-12-10T16:44:07 IST" duration-ms="576" status="PASS">
          <reporter-output>
          </reporter-output>
        </test-method> <!-- testConfiguration -->
        <test-method is-config="true" signature="openBrowser()[pri:0, instance:test.TestRegistrationPage@4659191b]" started-at="2022-12-10T16:44:07 IST" name="openBrowser" finished-at="2022-12-10T16:44:13 IST" duration-ms="6433" status="PASS">
          <reporter-output>
          </reporter-output>
        </test-method> <!-- openBrowser -->
        <test-method signature="registerNewFemaleUser()[pri:3, instance:test.TestRegistrationPage@4659191b]" started-at="2022-12-10T16:44:13 IST" name="registerNewFemaleUser" finished-at="2022-12-10T16:44:26 IST" duration-ms="12830" status="PASS">
          <reporter-output>
          </reporter-output>
        </test-method> <!-- registerNewFemaleUser -->
        <test-method is-config="true" signature="listenersClass(org.testng.ITestResult)[pri:0, instance:test.TestRegistrationPage@4659191b]" started-at="2022-12-10T16:44:26 IST" name="listenersClass" finished-at="2022-12-10T16:44:26 IST" duration-ms="19" status="PASS">
          <params>
            <param index="0">
              <value>
                <![CDATA[[TestResult name=registerNewFemaleUser status=SUCCESS method=TestRegistrationPage.registerNewFemaleUser()[pri:3, instance:test.TestRegistrationPage@4659191b] output={null}]]]>
              </value>
            </param>
          </params>
          <reporter-output>
          </reporter-output>
        </test-method> <!-- listenersClass -->
        <test-method is-config="true" signature="openBrowser()[pri:0, instance:test.TestRegistrationPage@4659191b]" started-at="2022-12-10T16:44:26 IST" name="openBrowser" finished-at="2022-12-10T16:44:30 IST" duration-ms="3912" status="PASS">
          <reporter-output>
          </reporter-output>
        </test-method> <!-- openBrowser -->
        <test-method signature="registerNewMaleUser()[pri:4, instance:test.TestRegistrationPage@4659191b]" started-at="2022-12-10T16:44:30 IST" name="registerNewMaleUser" finished-at="2022-12-10T16:44:37 IST" duration-ms="7107" status="PASS">
          <reporter-output>
          </reporter-output>
        </test-method> <!-- registerNewMaleUser -->
        <test-method is-config="true" signature="listenersClass(org.testng.ITestResult)[pri:0, instance:test.TestRegistrationPage@4659191b]" started-at="2022-12-10T16:44:37 IST" name="listenersClass" finished-at="2022-12-10T16:44:37 IST" duration-ms="0" status="PASS">
          <params>
            <param index="0">
              <value>
                <![CDATA[[TestResult name=registerNewMaleUser status=SUCCESS method=TestRegistrationPage.registerNewMaleUser()[pri:4, instance:test.TestRegistrationPage@4659191b] output={null}]]]>
              </value>
            </param>
          </params>
          <reporter-output>
          </reporter-output>
        </test-method> <!-- listenersClass -->
        <test-method is-config="true" signature="openBrowser()[pri:0, instance:test.TestRegistrationPage@4659191b]" started-at="2022-12-10T16:44:37 IST" name="openBrowser" finished-at="2022-12-10T16:44:43 IST" duration-ms="5419" status="PASS">
          <reporter-output>
          </reporter-output>
        </test-method> <!-- openBrowser -->
        <test-method signature="registerNewUser()[pri:5, instance:test.TestRegistrationPage@4659191b]" started-at="2022-12-10T16:44:43 IST" name="registerNewUser" finished-at="2022-12-10T16:44:52 IST" duration-ms="9490" status="PASS">
          <reporter-output>
          </reporter-output>
        </test-method> <!-- registerNewUser -->
        <test-method is-config="true" signature="listenersClass(org.testng.ITestResult)[pri:0, instance:test.TestRegistrationPage@4659191b]" started-at="2022-12-10T16:44:52 IST" name="listenersClass" finished-at="2022-12-10T16:44:52 IST" duration-ms="1" status="PASS">
          <params>
            <param index="0">
              <value>
                <![CDATA[[TestResult name=registerNewUser status=SUCCESS method=TestRegistrationPage.registerNewUser()[pri:5, instance:test.TestRegistrationPage@4659191b] output={null}]]]>
              </value>
            </param>
          </params>
          <reporter-output>
          </reporter-output>
        </test-method> <!-- listenersClass -->
        <test-method is-config="true" signature="clearData()[pri:0, instance:test.TestRegistrationPage@4659191b]" started-at="2022-12-10T16:44:52 IST" name="clearData" finished-at="2022-12-10T16:44:54 IST" duration-ms="1629" status="PASS">
          <reporter-output>
          </reporter-output>
        </test-method> <!-- clearData -->
      </class> <!-- test.TestRegistrationPage -->
    </test> <!-- Default test -->
  </suite> <!-- Default suite -->
</testng-results>
