<?xml version="1.0" encoding="UTF-8"?>
<testng-results ignored="0" total="1" passed="1" failed="0" skipped="0">
  <reporter-output>
  </reporter-output>
  <suite started-at="2022-12-06T15:11:54 IST" name="Default suite" finished-at="2022-12-06T15:13:01 IST" duration-ms="66771">
    <groups>
    </groups>
    <test started-at="2022-12-06T15:11:54 IST" name="Default test" finished-at="2022-12-06T15:13:01 IST" duration-ms="66771">
      <class name="test.TestLogInRegisteredUser">
        <test-method is-config="true" signature="testConfiguration()[pri:0, instance:test.TestLogInRegisteredUser@1aa7ecca]" started-at="2022-12-06T15:11:54 IST" name="testConfiguration" finished-at="2022-12-06T15:11:55 IST" duration-ms="1096" status="PASS">
          <reporter-output>
          </reporter-output>
        </test-method> <!-- testConfiguration -->
        <test-method is-config="true" signature="openBrowser()[pri:0, instance:test.TestLogInRegisteredUser@1aa7ecca]" started-at="2022-12-06T15:11:55 IST" name="openBrowser" finished-at="2022-12-06T15:12:34 IST" duration-ms="39341" status="PASS">
          <reporter-output>
          </reporter-output>
        </test-method> <!-- openBrowser -->
        <test-method signature="logInWithRegCreds()[pri:0, instance:test.TestLogInRegisteredUser@1aa7ecca]" started-at="2022-12-06T15:12:34 IST" name="logInWithRegCreds" finished-at="2022-12-06T15:12:59 IST" duration-ms="24622" status="PASS">
          <reporter-output>
          </reporter-output>
        </test-method> <!-- logInWithRegCreds -->
        <test-method is-config="true" signature="listenersClass(org.testng.ITestResult)[pri:0, instance:test.TestLogInRegisteredUser@1aa7ecca]" started-at="2022-12-06T15:12:59 IST" name="listenersClass" finished-at="2022-12-06T15:12:59 IST" duration-ms="9" status="PASS">
          <params>
            <param index="0">
              <value>
                <![CDATA[[TestResult name=logInWithRegCreds status=SUCCESS method=TestLogInRegisteredUser.logInWithRegCreds()[pri:0, instance:test.TestLogInRegisteredUser@1aa7ecca] output={null}]]]>
              </value>
            </param>
          </params>
          <reporter-output>
          </reporter-output>
        </test-method> <!-- listenersClass -->
        <test-method is-config="true" signature="clearData()[pri:0, instance:test.TestLogInRegisteredUser@1aa7ecca]" started-at="2022-12-06T15:12:59 IST" name="clearData" finished-at="2022-12-06T15:13:01 IST" duration-ms="1465" status="PASS">
          <reporter-output>
          </reporter-output>
        </test-method> <!-- clearData -->
      </class> <!-- test.TestLogInRegisteredUser -->
    </test> <!-- Default test -->
  </suite> <!-- Default suite -->
</testng-results>
