<?xml version="1.0" encoding="UTF-8"?>
<testng-results ignored="0" total="1" passed="1" failed="0" skipped="0">
  <reporter-output>
  </reporter-output>
  <suite started-at="2022-12-02T16:50:31 IST" name="Default suite" finished-at="2022-12-02T16:50:40 IST" duration-ms="8572">
    <groups>
    </groups>
    <test started-at="2022-12-02T16:50:31 IST" name="Default test" finished-at="2022-12-02T16:50:40 IST" duration-ms="8572">
      <class name="test.TestHomePage">
        <test-method is-config="true" signature="openBrowser()[pri:0, instance:test.TestHomePage@58695725]" started-at="2022-12-02T16:50:32 IST" name="openBrowser" finished-at="2022-12-02T16:50:38 IST" duration-ms="6340" status="PASS">
          <reporter-output>
          </reporter-output>
        </test-method> <!-- openBrowser -->
        <test-method signature="currencySelect()[pri:0, instance:test.TestHomePage@58695725]" started-at="2022-12-02T16:50:38 IST" name="currencySelect" finished-at="2022-12-02T16:50:40 IST" duration-ms="2172" status="PASS">
          <reporter-output>
          </reporter-output>
        </test-method> <!-- currencySelect -->
      </class> <!-- test.TestHomePage -->
    </test> <!-- Default test -->
  </suite> <!-- Default suite -->
</testng-results>
