<?xml version="1.0" encoding="UTF-8"?>
<testng-results ignored="0" total="5" passed="2" failed="3" skipped="0">
  <reporter-output>
  </reporter-output>
  <suite started-at="2022-12-10T14:59:40 IST" name="Default suite" finished-at="2022-12-10T15:01:37 IST" duration-ms="117494">
    <groups>
    </groups>
    <test started-at="2022-12-10T14:59:40 IST" name="Default test" finished-at="2022-12-10T15:01:37 IST" duration-ms="117494">
      <class name="test.TestRegistrationPage">
        <test-method is-config="true" signature="testConfiguration()[pri:0, instance:test.TestRegistrationPage@4659191b]" started-at="2022-12-10T14:59:40 IST" name="testConfiguration" finished-at="2022-12-10T14:59:40 IST" duration-ms="511" status="PASS">
          <reporter-output>
          </reporter-output>
        </test-method> <!-- testConfiguration -->
        <test-method is-config="true" signature="openBrowser()[pri:0, instance:test.TestRegistrationPage@4659191b]" started-at="2022-12-10T14:59:40 IST" name="openBrowser" finished-at="2022-12-10T15:00:31 IST" duration-ms="51231" status="PASS">
          <reporter-output>
          </reporter-output>
        </test-method> <!-- openBrowser -->
        <test-method signature="VerifyRegURL()[pri:1, instance:test.TestRegistrationPage@4659191b]" started-at="2022-12-10T15:00:31 IST" name="VerifyRegURL" finished-at="2022-12-10T15:00:31 IST" duration-ms="64" status="PASS">
          <reporter-output>
          </reporter-output>
        </test-method> <!-- VerifyRegURL -->
        <test-method is-config="true" signature="listenersClass(org.testng.ITestResult)[pri:0, instance:test.TestRegistrationPage@4659191b]" started-at="2022-12-10T15:00:31 IST" name="listenersClass" finished-at="2022-12-10T15:00:31 IST" duration-ms="15" status="PASS">
          <params>
            <param index="0">
              <value>
                <![CDATA[[TestResult name=VerifyRegURL status=SUCCESS method=TestRegistrationPage.VerifyRegURL()[pri:1, instance:test.TestRegistrationPage@4659191b] output={null}]]]>
              </value>
            </param>
          </params>
          <reporter-output>
          </reporter-output>
        </test-method> <!-- listenersClass -->
        <test-method is-config="true" signature="openBrowser()[pri:0, instance:test.TestRegistrationPage@4659191b]" started-at="2022-12-10T15:00:31 IST" name="openBrowser" finished-at="2022-12-10T15:00:38 IST" duration-ms="6739" status="PASS">
          <reporter-output>
          </reporter-output>
        </test-method> <!-- openBrowser -->
        <test-method signature="verifyRegestrTab()[pri:2, instance:test.TestRegistrationPage@4659191b]" started-at="2022-12-10T15:00:38 IST" name="verifyRegestrTab" finished-at="2022-12-10T15:00:41 IST" duration-ms="2741" status="PASS">
          <reporter-output>
          </reporter-output>
        </test-method> <!-- verifyRegestrTab -->
        <test-method is-config="true" signature="listenersClass(org.testng.ITestResult)[pri:0, instance:test.TestRegistrationPage@4659191b]" started-at="2022-12-10T15:00:41 IST" name="listenersClass" finished-at="2022-12-10T15:00:41 IST" duration-ms="1" status="PASS">
          <params>
            <param index="0">
              <value>
                <![CDATA[[TestResult name=verifyRegestrTab status=SUCCESS method=TestRegistrationPage.verifyRegestrTab()[pri:2, instance:test.TestRegistrationPage@4659191b] output={null}]]]>
              </value>
            </param>
          </params>
          <reporter-output>
          </reporter-output>
        </test-method> <!-- listenersClass -->
        <test-method is-config="true" signature="openBrowser()[pri:0, instance:test.TestRegistrationPage@4659191b]" started-at="2022-12-10T15:00:41 IST" name="openBrowser" finished-at="2022-12-10T15:00:47 IST" duration-ms="5799" status="PASS">
          <reporter-output>
          </reporter-output>
        </test-method> <!-- openBrowser -->
        <test-method signature="registerNewFemaleUser()[pri:3, instance:test.TestRegistrationPage@4659191b]" started-at="2022-12-10T15:00:47 IST" name="registerNewFemaleUser" finished-at="2022-12-10T15:00:48 IST" duration-ms="1736" status="FAIL">
          <exception class="java.io.FileNotFoundException">
            <message>
              <![CDATA[C:\Users\SAICOM\Desktop\NopCom01\NopCommerceWithDGM\src\test\resources\NopComregData.xlsx (The system cannot find the path specified)]]>
            </message>
            <full-stacktrace>
              <![CDATA[java.io.FileNotFoundException: C:\Users\SAICOM\Desktop\NopCom01\NopCommerceWithDGM\src\test\resources\NopComregData.xlsx (The system cannot find the path specified)
at java.base/java.io.FileInputStream.open0(Native Method)
at java.base/java.io.FileInputStream.open(FileInputStream.java:216)
at java.base/java.io.FileInputStream.<init>(FileInputStream.java:157)
at java.base/java.io.FileInputStream.<init>(FileInputStream.java:111)
at utility.Parametrization.getData(Parametrization.java:13)
at test.TestRegistrationPage.registerNewFemaleUser(TestRegistrationPage.java:69)
at java.base/jdk.internal.reflect.NativeMethodAccessorImpl.invoke0(Native Method)
at java.base/jdk.internal.reflect.NativeMethodAccessorImpl.invoke(NativeMethodAccessorImpl.java:77)
at java.base/jdk.internal.reflect.DelegatingMethodAccessorImpl.invoke(DelegatingMethodAccessorImpl.java:43)
at java.base/java.lang.reflect.Method.invoke(Method.java:568)
at org.testng.internal.MethodInvocationHelper.invokeMethod(MethodInvocationHelper.java:133)
at org.testng.internal.TestInvoker.invokeMethod(TestInvoker.java:598)
at org.testng.internal.TestInvoker.invokeTestMethod(TestInvoker.java:173)
at org.testng.internal.MethodRunner.runInSequence(MethodRunner.java:46)
at org.testng.internal.TestInvoker$MethodInvocationAgent.invoke(TestInvoker.java:824)
at org.testng.internal.TestInvoker.invokeTestMethods(TestInvoker.java:146)
at org.testng.internal.TestMethodWorker.invokeTestMethods(TestMethodWorker.java:146)
at org.testng.internal.TestMethodWorker.run(TestMethodWorker.java:128)
at java.base/java.util.ArrayList.forEach(ArrayList.java:1511)
at org.testng.TestRunner.privateRun(TestRunner.java:794)
at org.testng.TestRunner.run(TestRunner.java:596)
at org.testng.SuiteRunner.runTest(SuiteRunner.java:377)
at org.testng.SuiteRunner.runSequentially(SuiteRunner.java:371)
at org.testng.SuiteRunner.privateRun(SuiteRunner.java:332)
at org.testng.SuiteRunner.run(SuiteRunner.java:276)
at org.testng.SuiteRunnerWorker.runSuite(SuiteRunnerWorker.java:53)
at org.testng.SuiteRunnerWorker.run(SuiteRunnerWorker.java:96)
at org.testng.TestNG.runSuitesSequentially(TestNG.java:1212)
at org.testng.TestNG.runSuitesLocally(TestNG.java:1134)
at org.testng.TestNG.runSuites(TestNG.java:1063)
at org.testng.TestNG.run(TestNG.java:1031)
at org.testng.remote.AbstractRemoteTestNG.run(AbstractRemoteTestNG.java:115)
at org.testng.remote.RemoteTestNG.initAndRun(RemoteTestNG.java:251)
at org.testng.remote.RemoteTestNG.main(RemoteTestNG.java:77)
]]>
            </full-stacktrace>
          </exception> <!-- java.io.FileNotFoundException -->
          <reporter-output>
          </reporter-output>
        </test-method> <!-- registerNewFemaleUser -->
        <test-method is-config="true" signature="listenersClass(org.testng.ITestResult)[pri:0, instance:test.TestRegistrationPage@4659191b]" started-at="2022-12-10T15:00:49 IST" name="listenersClass" finished-at="2022-12-10T15:00:49 IST" duration-ms="1" status="PASS">
          <params>
            <param index="0">
              <value>
                <![CDATA[[TestResult name=registerNewFemaleUser status=FAILURE method=TestRegistrationPage.registerNewFemaleUser()[pri:3, instance:test.TestRegistrationPage@4659191b] output={null}]]]>
              </value>
            </param>
          </params>
          <reporter-output>
          </reporter-output>
        </test-method> <!-- listenersClass -->
        <test-method is-config="true" signature="openBrowser()[pri:0, instance:test.TestRegistrationPage@4659191b]" started-at="2022-12-10T15:00:49 IST" name="openBrowser" finished-at="2022-12-10T15:00:56 IST" duration-ms="7481" status="PASS">
          <reporter-output>
          </reporter-output>
        </test-method> <!-- openBrowser -->
        <test-method signature="registerNewMaleUser()[pri:4, instance:test.TestRegistrationPage@4659191b]" started-at="2022-12-10T15:00:56 IST" name="registerNewMaleUser" finished-at="2022-12-10T15:01:07 IST" duration-ms="11037" status="FAIL">
          <exception class="java.io.FileNotFoundException">
            <message>
              <![CDATA[C:\Users\SAICOM\Desktop\NopCom01\NopCommerceWithDGM\src\test\resources\NopComregData.xlsx (The system cannot find the path specified)]]>
            </message>
            <full-stacktrace>
              <![CDATA[java.io.FileNotFoundException: C:\Users\SAICOM\Desktop\NopCom01\NopCommerceWithDGM\src\test\resources\NopComregData.xlsx (The system cannot find the path specified)
at java.base/java.io.FileInputStream.open0(Native Method)
at java.base/java.io.FileInputStream.open(FileInputStream.java:216)
at java.base/java.io.FileInputStream.<init>(FileInputStream.java:157)
at java.base/java.io.FileInputStream.<init>(FileInputStream.java:111)
at utility.Parametrization.getData(Parametrization.java:13)
at test.TestRegistrationPage.registerNewMaleUser(TestRegistrationPage.java:94)
at java.base/jdk.internal.reflect.NativeMethodAccessorImpl.invoke0(Native Method)
at java.base/jdk.internal.reflect.NativeMethodAccessorImpl.invoke(NativeMethodAccessorImpl.java:77)
at java.base/jdk.internal.reflect.DelegatingMethodAccessorImpl.invoke(DelegatingMethodAccessorImpl.java:43)
at java.base/java.lang.reflect.Method.invoke(Method.java:568)
at org.testng.internal.MethodInvocationHelper.invokeMethod(MethodInvocationHelper.java:133)
at org.testng.internal.TestInvoker.invokeMethod(TestInvoker.java:598)
at org.testng.internal.TestInvoker.invokeTestMethod(TestInvoker.java:173)
at org.testng.internal.MethodRunner.runInSequence(MethodRunner.java:46)
at org.testng.internal.TestInvoker$MethodInvocationAgent.invoke(TestInvoker.java:824)
at org.testng.internal.TestInvoker.invokeTestMethods(TestInvoker.java:146)
at org.testng.internal.TestMethodWorker.invokeTestMethods(TestMethodWorker.java:146)
at org.testng.internal.TestMethodWorker.run(TestMethodWorker.java:128)
at java.base/java.util.ArrayList.forEach(ArrayList.java:1511)
at org.testng.TestRunner.privateRun(TestRunner.java:794)
at org.testng.TestRunner.run(TestRunner.java:596)
at org.testng.SuiteRunner.runTest(SuiteRunner.java:377)
at org.testng.SuiteRunner.runSequentially(SuiteRunner.java:371)
at org.testng.SuiteRunner.privateRun(SuiteRunner.java:332)
at org.testng.SuiteRunner.run(SuiteRunner.java:276)
at org.testng.SuiteRunnerWorker.runSuite(SuiteRunnerWorker.java:53)
at org.testng.SuiteRunnerWorker.run(SuiteRunnerWorker.java:96)
at org.testng.TestNG.runSuitesSequentially(TestNG.java:1212)
at org.testng.TestNG.runSuitesLocally(TestNG.java:1134)
at org.testng.TestNG.runSuites(TestNG.java:1063)
at org.testng.TestNG.run(TestNG.java:1031)
at org.testng.remote.AbstractRemoteTestNG.run(AbstractRemoteTestNG.java:115)
at org.testng.remote.RemoteTestNG.initAndRun(RemoteTestNG.java:251)
at org.testng.remote.RemoteTestNG.main(RemoteTestNG.java:77)
]]>
            </full-stacktrace>
          </exception> <!-- java.io.FileNotFoundException -->
          <reporter-output>
          </reporter-output>
        </test-method> <!-- registerNewMaleUser -->
        <test-method is-config="true" signature="listenersClass(org.testng.ITestResult)[pri:0, instance:test.TestRegistrationPage@4659191b]" started-at="2022-12-10T15:01:08 IST" name="listenersClass" finished-at="2022-12-10T15:01:08 IST" duration-ms="16" status="PASS">
          <params>
            <param index="0">
              <value>
                <![CDATA[[TestResult name=registerNewMaleUser status=FAILURE method=TestRegistrationPage.registerNewMaleUser()[pri:4, instance:test.TestRegistrationPage@4659191b] output={null}]]]>
              </value>
            </param>
          </params>
          <reporter-output>
          </reporter-output>
        </test-method> <!-- listenersClass -->
        <test-method is-config="true" signature="openBrowser()[pri:0, instance:test.TestRegistrationPage@4659191b]" started-at="2022-12-10T15:01:08 IST" name="openBrowser" finished-at="2022-12-10T15:01:15 IST" duration-ms="7860" status="PASS">
          <reporter-output>
          </reporter-output>
        </test-method> <!-- openBrowser -->
        <test-method signature="registerNewUser()[pri:5, instance:test.TestRegistrationPage@4659191b]" started-at="2022-12-10T15:01:15 IST" name="registerNewUser" finished-at="2022-12-10T15:01:36 IST" duration-ms="20544" status="FAIL">
          <exception class="java.io.FileNotFoundException">
            <message>
              <![CDATA[C:\Users\SAICOM\Desktop\NopCom01\NopCommerceWithDGM\src\test\resources\NopComregData.xlsx (The system cannot find the path specified)]]>
            </message>
            <full-stacktrace>
              <![CDATA[java.io.FileNotFoundException: C:\Users\SAICOM\Desktop\NopCom01\NopCommerceWithDGM\src\test\resources\NopComregData.xlsx (The system cannot find the path specified)
at java.base/java.io.FileInputStream.open0(Native Method)
at java.base/java.io.FileInputStream.open(FileInputStream.java:216)
at java.base/java.io.FileInputStream.<init>(FileInputStream.java:157)
at java.base/java.io.FileInputStream.<init>(FileInputStream.java:111)
at utility.Parametrization.getData(Parametrization.java:13)
at test.TestRegistrationPage.registerNewUser(TestRegistrationPage.java:120)
at java.base/jdk.internal.reflect.NativeMethodAccessorImpl.invoke0(Native Method)
at java.base/jdk.internal.reflect.NativeMethodAccessorImpl.invoke(NativeMethodAccessorImpl.java:77)
at java.base/jdk.internal.reflect.DelegatingMethodAccessorImpl.invoke(DelegatingMethodAccessorImpl.java:43)
at java.base/java.lang.reflect.Method.invoke(Method.java:568)
at org.testng.internal.MethodInvocationHelper.invokeMethod(MethodInvocationHelper.java:133)
at org.testng.internal.TestInvoker.invokeMethod(TestInvoker.java:598)
at org.testng.internal.TestInvoker.invokeTestMethod(TestInvoker.java:173)
at org.testng.internal.MethodRunner.runInSequence(MethodRunner.java:46)
at org.testng.internal.TestInvoker$MethodInvocationAgent.invoke(TestInvoker.java:824)
at org.testng.internal.TestInvoker.invokeTestMethods(TestInvoker.java:146)
at org.testng.internal.TestMethodWorker.invokeTestMethods(TestMethodWorker.java:146)
at org.testng.internal.TestMethodWorker.run(TestMethodWorker.java:128)
at java.base/java.util.ArrayList.forEach(ArrayList.java:1511)
at org.testng.TestRunner.privateRun(TestRunner.java:794)
at org.testng.TestRunner.run(TestRunner.java:596)
at org.testng.SuiteRunner.runTest(SuiteRunner.java:377)
at org.testng.SuiteRunner.runSequentially(SuiteRunner.java:371)
at org.testng.SuiteRunner.privateRun(SuiteRunner.java:332)
at org.testng.SuiteRunner.run(SuiteRunner.java:276)
at org.testng.SuiteRunnerWorker.runSuite(SuiteRunnerWorker.java:53)
at org.testng.SuiteRunnerWorker.run(SuiteRunnerWorker.java:96)
at org.testng.TestNG.runSuitesSequentially(TestNG.java:1212)
at org.testng.TestNG.runSuitesLocally(TestNG.java:1134)
at org.testng.TestNG.runSuites(TestNG.java:1063)
at org.testng.TestNG.run(TestNG.java:1031)
at org.testng.remote.AbstractRemoteTestNG.run(AbstractRemoteTestNG.java:115)
at org.testng.remote.RemoteTestNG.initAndRun(RemoteTestNG.java:251)
at org.testng.remote.RemoteTestNG.main(RemoteTestNG.java:77)
]]>
            </full-stacktrace>
          </exception> <!-- java.io.FileNotFoundException -->
          <reporter-output>
          </reporter-output>
        </test-method> <!-- registerNewUser -->
        <test-method is-config="true" signature="listenersClass(org.testng.ITestResult)[pri:0, instance:test.TestRegistrationPage@4659191b]" started-at="2022-12-10T15:01:36 IST" name="listenersClass" finished-at="2022-12-10T15:01:36 IST" duration-ms="1" status="PASS">
          <params>
            <param index="0">
              <value>
                <![CDATA[[TestResult name=registerNewUser status=FAILURE method=TestRegistrationPage.registerNewUser()[pri:5, instance:test.TestRegistrationPage@4659191b] output={null}]]]>
              </value>
            </param>
          </params>
          <reporter-output>
          </reporter-output>
        </test-method> <!-- listenersClass -->
        <test-method is-config="true" signature="clearData()[pri:0, instance:test.TestRegistrationPage@4659191b]" started-at="2022-12-10T15:01:36 IST" name="clearData" finished-at="2022-12-10T15:01:37 IST" duration-ms="870" status="PASS">
          <reporter-output>
          </reporter-output>
        </test-method> <!-- clearData -->
      </class> <!-- test.TestRegistrationPage -->
    </test> <!-- Default test -->
  </suite> <!-- Default suite -->
</testng-results>
