<?xml version="1.0" encoding="UTF-8"?>
<testng-results ignored="0" total="1" passed="1" failed="0" skipped="0">
  <reporter-output>
  </reporter-output>
  <suite started-at="2022-12-03T12:37:07 IST" name="Default suite" finished-at="2022-12-03T12:37:15 IST" duration-ms="7905">
    <groups>
    </groups>
    <test started-at="2022-12-03T12:37:07 IST" name="Default test" finished-at="2022-12-03T12:37:15 IST" duration-ms="7905">
      <class name="test.TestComputerMenu">
        <test-method is-config="true" signature="openBrowser()[pri:0, instance:test.TestComputerMenu@18d87d80]" started-at="2022-12-03T12:37:07 IST" name="openBrowser" finished-at="2022-12-03T12:37:12 IST" duration-ms="5526" status="PASS">
          <reporter-output>
          </reporter-output>
        </test-method> <!-- openBrowser -->
        <test-method signature="validateComputerMenu()[pri:0, instance:test.TestComputerMenu@18d87d80]" started-at="2022-12-03T12:37:12 IST" name="validateComputerMenu" finished-at="2022-12-03T12:37:15 IST" duration-ms="2332" status="PASS">
          <reporter-output>
          </reporter-output>
        </test-method> <!-- validateComputerMenu -->
      </class> <!-- test.TestComputerMenu -->
    </test> <!-- Default test -->
  </suite> <!-- Default suite -->
</testng-results>
