<?xml version="1.0" encoding="UTF-8"?>
<testng-results ignored="2" total="8" passed="3" failed="3" skipped="0">
  <reporter-output>
  </reporter-output>
  <suite started-at="2022-12-14T15:44:04 IST" name="Suite" finished-at="2022-12-14T15:45:08 IST" duration-ms="63433">
    <groups>
    </groups>
    <test started-at="2022-12-14T15:44:04 IST" name="Test" finished-at="2022-12-14T15:45:08 IST" duration-ms="63433">
      <class name="test.TestLogInRegisteredUser">
        <test-method is-config="true" signature="testConfiguration(java.lang.String)[pri:0, instance:test.TestLogInRegisteredUser@73e9cf30]" started-at="2022-12-14T15:44:04 IST" name="testConfiguration" finished-at="2022-12-14T15:44:05 IST" duration-ms="735" status="PASS">
          <params>
            <param index="0">
              <value>
                <![CDATA[LogInRegTest01]]>
              </value>
            </param>
          </params>
          <reporter-output>
          </reporter-output>
        </test-method> <!-- testConfiguration -->
        <test-method is-config="true" signature="openBrowser(java.lang.String)[pri:0, instance:test.TestLogInRegisteredUser@73e9cf30]" started-at="2022-12-14T15:44:49 IST" name="openBrowser" finished-at="2022-12-14T15:44:52 IST" duration-ms="2988" status="PASS">
          <params>
            <param index="0">
              <value>
                <![CDATA[Chrome]]>
              </value>
            </param>
          </params>
          <reporter-output>
          </reporter-output>
        </test-method> <!-- openBrowser -->
        <test-method signature="logInWithRegCredGaurav()[pri:0, instance:test.TestLogInRegisteredUser@73e9cf30]" started-at="2022-12-14T15:44:52 IST" name="logInWithRegCredGaurav" finished-at="2022-12-14T15:44:54 IST" duration-ms="2694" status="PASS">
          <reporter-output>
          </reporter-output>
        </test-method> <!-- logInWithRegCredGaurav -->
        <test-method is-config="true" signature="listenersClass(org.testng.ITestResult)[pri:0, instance:test.TestLogInRegisteredUser@73e9cf30]" started-at="2022-12-14T15:44:54 IST" name="listenersClass" finished-at="2022-12-14T15:44:55 IST" duration-ms="203" status="PASS">
          <params>
            <param index="0">
              <value>
                <![CDATA[[TestResult name=logInWithRegCredGaurav status=SUCCESS method=TestLogInRegisteredUser.logInWithRegCredGaurav()[pri:0, instance:test.TestLogInRegisteredUser@73e9cf30] output={null}]]]>
              </value>
            </param>
          </params>
          <reporter-output>
          </reporter-output>
        </test-method> <!-- listenersClass -->
        <test-method is-config="true" signature="openBrowser(java.lang.String)[pri:0, instance:test.TestLogInRegisteredUser@73e9cf30]" started-at="2022-12-14T15:44:55 IST" name="openBrowser" finished-at="2022-12-14T15:44:58 IST" duration-ms="3474" status="PASS">
          <params>
            <param index="0">
              <value>
                <![CDATA[Chrome]]>
              </value>
            </param>
          </params>
          <reporter-output>
          </reporter-output>
        </test-method> <!-- openBrowser -->
        <test-method signature="logInWithRegDeepak()[pri:0, instance:test.TestLogInRegisteredUser@73e9cf30]" started-at="2022-12-14T15:44:58 IST" name="logInWithRegDeepak" finished-at="2022-12-14T15:45:01 IST" duration-ms="2599" status="PASS">
          <reporter-output>
          </reporter-output>
        </test-method> <!-- logInWithRegDeepak -->
        <test-method is-config="true" signature="listenersClass(org.testng.ITestResult)[pri:0, instance:test.TestLogInRegisteredUser@73e9cf30]" started-at="2022-12-14T15:45:01 IST" name="listenersClass" finished-at="2022-12-14T15:45:01 IST" duration-ms="153" status="PASS">
          <params>
            <param index="0">
              <value>
                <![CDATA[[TestResult name=logInWithRegDeepak status=SUCCESS method=TestLogInRegisteredUser.logInWithRegDeepak()[pri:0, instance:test.TestLogInRegisteredUser@73e9cf30] output={null}]]]>
              </value>
            </param>
          </params>
          <reporter-output>
          </reporter-output>
        </test-method> <!-- listenersClass -->
        <test-method is-config="true" signature="openBrowser(java.lang.String)[pri:0, instance:test.TestLogInRegisteredUser@73e9cf30]" started-at="2022-12-14T15:45:01 IST" name="openBrowser" finished-at="2022-12-14T15:45:04 IST" duration-ms="3060" status="PASS">
          <params>
            <param index="0">
              <value>
                <![CDATA[Chrome]]>
              </value>
            </param>
          </params>
          <reporter-output>
          </reporter-output>
        </test-method> <!-- openBrowser -->
        <test-method signature="logInWithRegMadhu()[pri:0, instance:test.TestLogInRegisteredUser@73e9cf30]" started-at="2022-12-14T15:45:04 IST" name="logInWithRegMadhu" finished-at="2022-12-14T15:45:07 IST" duration-ms="2868" status="PASS">
          <reporter-output>
          </reporter-output>
        </test-method> <!-- logInWithRegMadhu -->
        <test-method is-config="true" signature="listenersClass(org.testng.ITestResult)[pri:0, instance:test.TestLogInRegisteredUser@73e9cf30]" started-at="2022-12-14T15:45:07 IST" name="listenersClass" finished-at="2022-12-14T15:45:07 IST" duration-ms="186" status="PASS">
          <params>
            <param index="0">
              <value>
                <![CDATA[[TestResult name=logInWithRegMadhu status=SUCCESS method=TestLogInRegisteredUser.logInWithRegMadhu()[pri:0, instance:test.TestLogInRegisteredUser@73e9cf30] output={null}]]]>
              </value>
            </param>
          </params>
          <reporter-output>
          </reporter-output>
        </test-method> <!-- listenersClass -->
        <test-method is-config="true" signature="clearData()[pri:0, instance:test.TestLogInRegisteredUser@73e9cf30]" started-at="2022-12-14T15:45:07 IST" name="clearData" finished-at="2022-12-14T15:45:08 IST" duration-ms="708" status="PASS">
          <reporter-output>
          </reporter-output>
        </test-method> <!-- clearData -->
      </class> <!-- test.TestLogInRegisteredUser -->
      <class name="test.TestRegistrationPage">
        <test-method is-config="true" signature="testConfiguration(java.lang.String)[pri:0, instance:test.TestRegistrationPage@b9b00e0]" started-at="2022-12-14T15:44:05 IST" name="testConfiguration" finished-at="2022-12-14T15:44:05 IST" duration-ms="1" status="PASS">
          <params>
            <param index="0">
              <value>
                <![CDATA[RegTest01]]>
              </value>
            </param>
          </params>
          <reporter-output>
          </reporter-output>
        </test-method> <!-- testConfiguration -->
        <test-method is-config="true" signature="openBrowser(java.lang.String)[pri:0, instance:test.TestRegistrationPage@b9b00e0]" started-at="2022-12-14T15:44:05 IST" name="openBrowser" finished-at="2022-12-14T15:44:11 IST" duration-ms="5779" status="PASS">
          <params>
            <param index="0">
              <value>
                <![CDATA[Chrome]]>
              </value>
            </param>
          </params>
          <reporter-output>
          </reporter-output>
        </test-method> <!-- openBrowser -->
        <test-method signature="registerNewFemaleUser()[pri:3, instance:test.TestRegistrationPage@b9b00e0]" started-at="2022-12-14T15:44:11 IST" name="registerNewFemaleUser" finished-at="2022-12-14T15:44:17 IST" duration-ms="6077" status="FAIL">
          <exception class="java.lang.AssertionError">
            <message>
              <![CDATA[expected [https://demo.nopcommerce.com/registerresult/1?returnUrl=/] but found [https://demo.nopcommerce.com/register?returnurl=%2F]]]>
            </message>
            <full-stacktrace>
              <![CDATA[java.lang.AssertionError: expected [https://demo.nopcommerce.com/registerresult/1?returnUrl=/] but found [https://demo.nopcommerce.com/register?returnurl=%2F]
at org.testng.Assert.fail(Assert.java:99)
at org.testng.Assert.failNotEquals(Assert.java:1037)
at org.testng.Assert.assertEqualsImpl(Assert.java:140)
at org.testng.Assert.assertEquals(Assert.java:122)
at org.testng.Assert.assertEquals(Assert.java:629)
at org.testng.Assert.assertEquals(Assert.java:639)
at test.TestRegistrationPage.registerNewFemaleUser(TestRegistrationPage.java:84)
at java.base/jdk.internal.reflect.NativeMethodAccessorImpl.invoke0(Native Method)
at java.base/jdk.internal.reflect.NativeMethodAccessorImpl.invoke(NativeMethodAccessorImpl.java:77)
at java.base/jdk.internal.reflect.DelegatingMethodAccessorImpl.invoke(DelegatingMethodAccessorImpl.java:43)
at java.base/java.lang.reflect.Method.invoke(Method.java:568)
at org.testng.internal.MethodInvocationHelper.invokeMethod(MethodInvocationHelper.java:133)
at org.testng.internal.TestInvoker.invokeMethod(TestInvoker.java:598)
at org.testng.internal.TestInvoker.invokeTestMethod(TestInvoker.java:173)
at org.testng.internal.MethodRunner.runInSequence(MethodRunner.java:46)
at org.testng.internal.TestInvoker$MethodInvocationAgent.invoke(TestInvoker.java:824)
at org.testng.internal.TestInvoker.invokeTestMethods(TestInvoker.java:146)
at org.testng.internal.TestMethodWorker.invokeTestMethods(TestMethodWorker.java:146)
at org.testng.internal.TestMethodWorker.run(TestMethodWorker.java:128)
at java.base/java.util.ArrayList.forEach(ArrayList.java:1511)
at org.testng.TestRunner.privateRun(TestRunner.java:794)
at org.testng.TestRunner.run(TestRunner.java:596)
at org.testng.SuiteRunner.runTest(SuiteRunner.java:377)
at org.testng.SuiteRunner.runSequentially(SuiteRunner.java:371)
at org.testng.SuiteRunner.privateRun(SuiteRunner.java:332)
at org.testng.SuiteRunner.run(SuiteRunner.java:276)
at org.testng.SuiteRunnerWorker.runSuite(SuiteRunnerWorker.java:53)
at org.testng.SuiteRunnerWorker.run(SuiteRunnerWorker.java:96)
at org.testng.TestNG.runSuitesSequentially(TestNG.java:1212)
at org.testng.TestNG.runSuitesLocally(TestNG.java:1134)
at org.testng.TestNG.runSuites(TestNG.java:1063)
at org.testng.TestNG.run(TestNG.java:1031)
at org.testng.remote.AbstractRemoteTestNG.run(AbstractRemoteTestNG.java:115)
at org.testng.remote.RemoteTestNG.initAndRun(RemoteTestNG.java:251)
at org.testng.remote.RemoteTestNG.main(RemoteTestNG.java:77)
]]>
            </full-stacktrace>
          </exception> <!-- java.lang.AssertionError -->
          <reporter-output>
          </reporter-output>
        </test-method> <!-- registerNewFemaleUser -->
        <test-method is-config="true" signature="listenersClass(org.testng.ITestResult)[pri:0, instance:test.TestRegistrationPage@b9b00e0]" started-at="2022-12-14T15:44:17 IST" name="listenersClass" finished-at="2022-12-14T15:44:18 IST" duration-ms="321" status="PASS">
          <params>
            <param index="0">
              <value>
                <![CDATA[[TestResult name=registerNewFemaleUser status=FAILURE method=TestRegistrationPage.registerNewFemaleUser()[pri:3, instance:test.TestRegistrationPage@b9b00e0] output={null}]]]>
              </value>
            </param>
          </params>
          <reporter-output>
          </reporter-output>
        </test-method> <!-- listenersClass -->
        <test-method is-config="true" signature="openBrowser(java.lang.String)[pri:0, instance:test.TestRegistrationPage@b9b00e0]" started-at="2022-12-14T15:44:18 IST" name="openBrowser" finished-at="2022-12-14T15:44:21 IST" duration-ms="3138" status="PASS">
          <params>
            <param index="0">
              <value>
                <![CDATA[Chrome]]>
              </value>
            </param>
          </params>
          <reporter-output>
          </reporter-output>
        </test-method> <!-- openBrowser -->
        <test-method signature="registerNewMaleUser()[pri:4, instance:test.TestRegistrationPage@b9b00e0]" started-at="2022-12-14T15:44:21 IST" name="registerNewMaleUser" finished-at="2022-12-14T15:44:33 IST" duration-ms="12185" status="FAIL">
          <exception class="org.openqa.selenium.NoSuchElementException">
            <message>
              <![CDATA[no such element: Unable to locate element: {"method":"xpath","selector":"//a[text()='Continue']"}
  (Session info: chrome=108.0.5359.99)
For documentation on this error, please visit: https://selenium.dev/exceptions/#no_such_element
Build info: version: '4.5.0', revision: 'fe167b119a'
System info: os.name: 'Windows 10', os.arch: 'amd64', os.version: '10.0', java.version: '17.0.4.1'
Driver info: org.openqa.selenium.chrome.ChromeDriver
Command: [1a2daa43fc9e0ffe1b3e9622640dffd7, findElement {using=xpath, value=//a[text()='Continue']}]
Capabilities {acceptInsecureCerts: false, browserName: chrome, browserVersion: 108.0.5359.99, chrome: {chromedriverVersion: 108.0.5359.71 (1e0e3868ee06..., userDataDir: C:\Users\shri\AppData\Local...}, goog:chromeOptions: {debuggerAddress: localhost:52376}, networkConnectionEnabled: false, pageLoadStrategy: normal, platformName: WINDOWS, proxy: Proxy(), se:cdp: ws://localhost:52376/devtoo..., se:cdpVersion: 108.0.5359.99, setWindowRect: true, strictFileInteractability: false, timeouts: {implicit: 0, pageLoad: 300000, script: 30000}, unhandledPromptBehavior: dismiss and notify, webauthn:extension:credBlob: true, webauthn:extension:largeBlob: true, webauthn:virtualAuthenticators: true}
Session ID: 1a2daa43fc9e0ffe1b3e9622640dffd7]]>
            </message>
            <full-stacktrace>
              <![CDATA[org.openqa.selenium.NoSuchElementException: no such element: Unable to locate element: {"method":"xpath","selector":"//a[text()='Continue']"}
  (Session info: chrome=108.0.5359.99)
For documentation on this error, please visit: https://selenium.dev/exceptions/#no_such_element
Build info: version: '4.5.0', revision: 'fe167b119a'
System info: os.name: 'Windows 10', os.arch: 'amd64', os.version: '10.0', java.version: '17.0.4.1'
Driver info: org.openqa.selenium.chrome.ChromeDriver
Command: [1a2daa43fc9e0ffe1b3e9622640dffd7, findElement {using=xpath, value=//a[text()='Continue']}]
Capabilities {acceptInsecureCerts: false, browserName: chrome, browserVersion: 108.0.5359.99, chrome: {chromedriverVersion: 108.0.5359.71 (1e0e3868ee06..., userDataDir: C:\Users\shri\AppData\Local...}, goog:chromeOptions: {debuggerAddress: localhost:52376}, networkConnectionEnabled: false, pageLoadStrategy: normal, platformName: WINDOWS, proxy: Proxy(), se:cdp: ws://localhost:52376/devtoo..., se:cdpVersion: 108.0.5359.99, setWindowRect: true, strictFileInteractability: false, timeouts: {implicit: 0, pageLoad: 300000, script: 30000}, unhandledPromptBehavior: dismiss and notify, webauthn:extension:credBlob: true, webauthn:extension:largeBlob: true, webauthn:virtualAuthenticators: true}
Session ID: 1a2daa43fc9e0ffe1b3e9622640dffd7
at java.base/jdk.internal.reflect.NativeConstructorAccessorImpl.newInstance0(Native Method)
at java.base/jdk.internal.reflect.NativeConstructorAccessorImpl.newInstance(NativeConstructorAccessorImpl.java:77)
at java.base/jdk.internal.reflect.DelegatingConstructorAccessorImpl.newInstance(DelegatingConstructorAccessorImpl.java:45)
at java.base/java.lang.reflect.Constructor.newInstanceWithCaller(Constructor.java:499)
at java.base/java.lang.reflect.Constructor.newInstance(Constructor.java:480)
at org.openqa.selenium.remote.codec.w3c.W3CHttpResponseCodec.createException(W3CHttpResponseCodec.java:200)
at org.openqa.selenium.remote.codec.w3c.W3CHttpResponseCodec.decode(W3CHttpResponseCodec.java:133)
at org.openqa.selenium.remote.codec.w3c.W3CHttpResponseCodec.decode(W3CHttpResponseCodec.java:53)
at org.openqa.selenium.remote.HttpCommandExecutor.execute(HttpCommandExecutor.java:184)
at org.openqa.selenium.remote.service.DriverCommandExecutor.invokeExecute(DriverCommandExecutor.java:167)
at org.openqa.selenium.remote.service.DriverCommandExecutor.execute(DriverCommandExecutor.java:142)
at org.openqa.selenium.remote.RemoteWebDriver.execute(RemoteWebDriver.java:547)
at org.openqa.selenium.remote.ElementLocation$ElementFinder$2.findElement(ElementLocation.java:162)
at org.openqa.selenium.remote.ElementLocation.findElement(ElementLocation.java:60)
at org.openqa.selenium.remote.RemoteWebDriver.findElement(RemoteWebDriver.java:365)
at org.openqa.selenium.remote.RemoteWebDriver.findElement(RemoteWebDriver.java:357)
at org.openqa.selenium.support.pagefactory.DefaultElementLocator.findElement(DefaultElementLocator.java:70)
at org.openqa.selenium.support.pagefactory.internal.LocatingElementHandler.invoke(LocatingElementHandler.java:39)
at jdk.proxy2/jdk.proxy2.$Proxy21.click(Unknown Source)
at pom.NopCommerceRegistrationPage.clickOnContinue(NopCommerceRegistrationPage.java:91)
at test.TestRegistrationPage.registerNewMaleUser(TestRegistrationPage.java:111)
at java.base/jdk.internal.reflect.NativeMethodAccessorImpl.invoke0(Native Method)
at java.base/jdk.internal.reflect.NativeMethodAccessorImpl.invoke(NativeMethodAccessorImpl.java:77)
at java.base/jdk.internal.reflect.DelegatingMethodAccessorImpl.invoke(DelegatingMethodAccessorImpl.java:43)
at java.base/java.lang.reflect.Method.invoke(Method.java:568)
at org.testng.internal.MethodInvocationHelper.invokeMethod(MethodInvocationHelper.java:133)
at org.testng.internal.TestInvoker.invokeMethod(TestInvoker.java:598)
at org.testng.internal.TestInvoker.invokeTestMethod(TestInvoker.java:173)
at org.testng.internal.MethodRunner.runInSequence(MethodRunner.java:46)
at org.testng.internal.TestInvoker$MethodInvocationAgent.invoke(TestInvoker.java:824)
at org.testng.internal.TestInvoker.invokeTestMethods(TestInvoker.java:146)
at org.testng.internal.TestMethodWorker.invokeTestMethods(TestMethodWorker.java:146)
at org.testng.internal.TestMethodWorker.run(TestMethodWorker.java:128)
at java.base/java.util.ArrayList.forEach(ArrayList.java:1511)
at org.testng.TestRunner.privateRun(TestRunner.java:794)
at org.testng.TestRunner.run(TestRunner.java:596)
at org.testng.SuiteRunner.runTest(SuiteRunner.java:377)
at org.testng.SuiteRunner.runSequentially(SuiteRunner.java:371)
at org.testng.SuiteRunner.privateRun(SuiteRunner.java:332)
at org.testng.SuiteRunner.run(SuiteRunner.java:276)
at org.testng.SuiteRunnerWorker.runSuite(SuiteRunnerWorker.java:53)
at org.testng.SuiteRunnerWorker.run(SuiteRunnerWorker.java:96)
at org.testng.TestNG.runSuitesSequentially(TestNG.java:1212)
at org.testng.TestNG.runSuitesLocally(TestNG.java:1134)
at org.testng.TestNG.runSuites(TestNG.java:1063)
at org.testng.TestNG.run(TestNG.java:1031)
at org.testng.remote.AbstractRemoteTestNG.run(AbstractRemoteTestNG.java:115)
at org.testng.remote.RemoteTestNG.initAndRun(RemoteTestNG.java:251)
at org.testng.remote.RemoteTestNG.main(RemoteTestNG.java:77)
]]>
            </full-stacktrace>
          </exception> <!-- org.openqa.selenium.NoSuchElementException -->
          <reporter-output>
          </reporter-output>
        </test-method> <!-- registerNewMaleUser -->
        <test-method is-config="true" signature="listenersClass(org.testng.ITestResult)[pri:0, instance:test.TestRegistrationPage@b9b00e0]" started-at="2022-12-14T15:44:33 IST" name="listenersClass" finished-at="2022-12-14T15:44:33 IST" duration-ms="153" status="PASS">
          <params>
            <param index="0">
              <value>
                <![CDATA[[TestResult name=registerNewMaleUser status=FAILURE method=TestRegistrationPage.registerNewMaleUser()[pri:4, instance:test.TestRegistrationPage@b9b00e0] output={null}]]]>
              </value>
            </param>
          </params>
          <reporter-output>
          </reporter-output>
        </test-method> <!-- listenersClass -->
        <test-method is-config="true" signature="openBrowser(java.lang.String)[pri:0, instance:test.TestRegistrationPage@b9b00e0]" started-at="2022-12-14T15:44:33 IST" name="openBrowser" finished-at="2022-12-14T15:44:36 IST" duration-ms="3180" status="PASS">
          <params>
            <param index="0">
              <value>
                <![CDATA[Chrome]]>
              </value>
            </param>
          </params>
          <reporter-output>
          </reporter-output>
        </test-method> <!-- openBrowser -->
        <test-method signature="registerNewUser()[pri:5, instance:test.TestRegistrationPage@b9b00e0]" started-at="2022-12-14T15:44:36 IST" name="registerNewUser" finished-at="2022-12-14T15:44:48 IST" duration-ms="12002" status="FAIL">
          <exception class="org.openqa.selenium.NoSuchElementException">
            <message>
              <![CDATA[no such element: Unable to locate element: {"method":"xpath","selector":"//a[text()='Continue']"}
  (Session info: chrome=108.0.5359.99)
For documentation on this error, please visit: https://selenium.dev/exceptions/#no_such_element
Build info: version: '4.5.0', revision: 'fe167b119a'
System info: os.name: 'Windows 10', os.arch: 'amd64', os.version: '10.0', java.version: '17.0.4.1'
Driver info: org.openqa.selenium.chrome.ChromeDriver
Command: [dc6773bf4e625d02533cdcd0fb3fa0fa, findElement {using=xpath, value=//a[text()='Continue']}]
Capabilities {acceptInsecureCerts: false, browserName: chrome, browserVersion: 108.0.5359.99, chrome: {chromedriverVersion: 108.0.5359.71 (1e0e3868ee06..., userDataDir: C:\Users\shri\AppData\Local...}, goog:chromeOptions: {debuggerAddress: localhost:52394}, networkConnectionEnabled: false, pageLoadStrategy: normal, platformName: WINDOWS, proxy: Proxy(), se:cdp: ws://localhost:52394/devtoo..., se:cdpVersion: 108.0.5359.99, setWindowRect: true, strictFileInteractability: false, timeouts: {implicit: 0, pageLoad: 300000, script: 30000}, unhandledPromptBehavior: dismiss and notify, webauthn:extension:credBlob: true, webauthn:extension:largeBlob: true, webauthn:virtualAuthenticators: true}
Session ID: dc6773bf4e625d02533cdcd0fb3fa0fa]]>
            </message>
            <full-stacktrace>
              <![CDATA[org.openqa.selenium.NoSuchElementException: no such element: Unable to locate element: {"method":"xpath","selector":"//a[text()='Continue']"}
  (Session info: chrome=108.0.5359.99)
For documentation on this error, please visit: https://selenium.dev/exceptions/#no_such_element
Build info: version: '4.5.0', revision: 'fe167b119a'
System info: os.name: 'Windows 10', os.arch: 'amd64', os.version: '10.0', java.version: '17.0.4.1'
Driver info: org.openqa.selenium.chrome.ChromeDriver
Command: [dc6773bf4e625d02533cdcd0fb3fa0fa, findElement {using=xpath, value=//a[text()='Continue']}]
Capabilities {acceptInsecureCerts: false, browserName: chrome, browserVersion: 108.0.5359.99, chrome: {chromedriverVersion: 108.0.5359.71 (1e0e3868ee06..., userDataDir: C:\Users\shri\AppData\Local...}, goog:chromeOptions: {debuggerAddress: localhost:52394}, networkConnectionEnabled: false, pageLoadStrategy: normal, platformName: WINDOWS, proxy: Proxy(), se:cdp: ws://localhost:52394/devtoo..., se:cdpVersion: 108.0.5359.99, setWindowRect: true, strictFileInteractability: false, timeouts: {implicit: 0, pageLoad: 300000, script: 30000}, unhandledPromptBehavior: dismiss and notify, webauthn:extension:credBlob: true, webauthn:extension:largeBlob: true, webauthn:virtualAuthenticators: true}
Session ID: dc6773bf4e625d02533cdcd0fb3fa0fa
at java.base/jdk.internal.reflect.NativeConstructorAccessorImpl.newInstance0(Native Method)
at java.base/jdk.internal.reflect.NativeConstructorAccessorImpl.newInstance(NativeConstructorAccessorImpl.java:77)
at java.base/jdk.internal.reflect.DelegatingConstructorAccessorImpl.newInstance(DelegatingConstructorAccessorImpl.java:45)
at java.base/java.lang.reflect.Constructor.newInstanceWithCaller(Constructor.java:499)
at java.base/java.lang.reflect.Constructor.newInstance(Constructor.java:480)
at org.openqa.selenium.remote.codec.w3c.W3CHttpResponseCodec.createException(W3CHttpResponseCodec.java:200)
at org.openqa.selenium.remote.codec.w3c.W3CHttpResponseCodec.decode(W3CHttpResponseCodec.java:133)
at org.openqa.selenium.remote.codec.w3c.W3CHttpResponseCodec.decode(W3CHttpResponseCodec.java:53)
at org.openqa.selenium.remote.HttpCommandExecutor.execute(HttpCommandExecutor.java:184)
at org.openqa.selenium.remote.service.DriverCommandExecutor.invokeExecute(DriverCommandExecutor.java:167)
at org.openqa.selenium.remote.service.DriverCommandExecutor.execute(DriverCommandExecutor.java:142)
at org.openqa.selenium.remote.RemoteWebDriver.execute(RemoteWebDriver.java:547)
at org.openqa.selenium.remote.ElementLocation$ElementFinder$2.findElement(ElementLocation.java:162)
at org.openqa.selenium.remote.ElementLocation.findElement(ElementLocation.java:60)
at org.openqa.selenium.remote.RemoteWebDriver.findElement(RemoteWebDriver.java:365)
at org.openqa.selenium.remote.RemoteWebDriver.findElement(RemoteWebDriver.java:357)
at org.openqa.selenium.support.pagefactory.DefaultElementLocator.findElement(DefaultElementLocator.java:70)
at org.openqa.selenium.support.pagefactory.internal.LocatingElementHandler.invoke(LocatingElementHandler.java:39)
at jdk.proxy2/jdk.proxy2.$Proxy21.click(Unknown Source)
at pom.NopCommerceRegistrationPage.clickOnContinue(NopCommerceRegistrationPage.java:91)
at test.TestRegistrationPage.registerNewUser(TestRegistrationPage.java:137)
at java.base/jdk.internal.reflect.NativeMethodAccessorImpl.invoke0(Native Method)
at java.base/jdk.internal.reflect.NativeMethodAccessorImpl.invoke(NativeMethodAccessorImpl.java:77)
at java.base/jdk.internal.reflect.DelegatingMethodAccessorImpl.invoke(DelegatingMethodAccessorImpl.java:43)
at java.base/java.lang.reflect.Method.invoke(Method.java:568)
at org.testng.internal.MethodInvocationHelper.invokeMethod(MethodInvocationHelper.java:133)
at org.testng.internal.TestInvoker.invokeMethod(TestInvoker.java:598)
at org.testng.internal.TestInvoker.invokeTestMethod(TestInvoker.java:173)
at org.testng.internal.MethodRunner.runInSequence(MethodRunner.java:46)
at org.testng.internal.TestInvoker$MethodInvocationAgent.invoke(TestInvoker.java:824)
at org.testng.internal.TestInvoker.invokeTestMethods(TestInvoker.java:146)
at org.testng.internal.TestMethodWorker.invokeTestMethods(TestMethodWorker.java:146)
at org.testng.internal.TestMethodWorker.run(TestMethodWorker.java:128)
at java.base/java.util.ArrayList.forEach(ArrayList.java:1511)
at org.testng.TestRunner.privateRun(TestRunner.java:794)
at org.testng.TestRunner.run(TestRunner.java:596)
at org.testng.SuiteRunner.runTest(SuiteRunner.java:377)
at org.testng.SuiteRunner.runSequentially(SuiteRunner.java:371)
at org.testng.SuiteRunner.privateRun(SuiteRunner.java:332)
at org.testng.SuiteRunner.run(SuiteRunner.java:276)
at org.testng.SuiteRunnerWorker.runSuite(SuiteRunnerWorker.java:53)
at org.testng.SuiteRunnerWorker.run(SuiteRunnerWorker.java:96)
at org.testng.TestNG.runSuitesSequentially(TestNG.java:1212)
at org.testng.TestNG.runSuitesLocally(TestNG.java:1134)
at org.testng.TestNG.runSuites(TestNG.java:1063)
at org.testng.TestNG.run(TestNG.java:1031)
at org.testng.remote.AbstractRemoteTestNG.run(AbstractRemoteTestNG.java:115)
at org.testng.remote.RemoteTestNG.initAndRun(RemoteTestNG.java:251)
at org.testng.remote.RemoteTestNG.main(RemoteTestNG.java:77)
]]>
            </full-stacktrace>
          </exception> <!-- org.openqa.selenium.NoSuchElementException -->
          <reporter-output>
          </reporter-output>
        </test-method> <!-- registerNewUser -->
        <test-method is-config="true" signature="listenersClass(org.testng.ITestResult)[pri:0, instance:test.TestRegistrationPage@b9b00e0]" started-at="2022-12-14T15:44:49 IST" name="listenersClass" finished-at="2022-12-14T15:44:49 IST" duration-ms="145" status="PASS">
          <params>
            <param index="0">
              <value>
                <![CDATA[[TestResult name=registerNewUser status=FAILURE method=TestRegistrationPage.registerNewUser()[pri:5, instance:test.TestRegistrationPage@b9b00e0] output={null}]]]>
              </value>
            </param>
          </params>
          <reporter-output>
          </reporter-output>
        </test-method> <!-- listenersClass -->
        <test-method is-config="true" signature="clearData()[pri:0, instance:test.TestRegistrationPage@b9b00e0]" started-at="2022-12-14T15:45:08 IST" name="clearData" finished-at="2022-12-14T15:45:08 IST" duration-ms="153" status="PASS">
          <reporter-output>
          </reporter-output>
        </test-method> <!-- clearData -->
      </class> <!-- test.TestRegistrationPage -->
    </test> <!-- Test -->
  </suite> <!-- Suite -->
</testng-results>
