<?xml version="1.0" encoding="UTF-8"?>
<!-- Generated by org.testng.reporters.JUnitReportReporter -->
<testsuite hostname="DESKTOP-PJ5SC7P" failures="0" tests="3" name="test.TestLogInRegisteredUser" time="18.225" errors="0" timestamp="2022-12-14T15:45:08 IST" skipped="0">
  <testcase classname="test.TestLogInRegisteredUser" name="logInWithRegMadhu" time="6.042"/>
  <system-out/>
  <testcase classname="test.TestLogInRegisteredUser" name="logInWithRegCredGaurav" time="5.957"/>
  <system-out/>
  <testcase classname="test.TestLogInRegisteredUser" name="logInWithRegDeepak" time="6.226"/>
  <system-out/>
</testsuite> <!-- test.TestLogInRegisteredUser -->
